Log file open, 11/16/17 20:04:49
LogWindows: Failed to load 'aqProf.dll' (GetLastError=126)
LogWindows: File 'aqProf.dll' does not exist
LogWindows: Failed to load 'VtuneApi.dll' (GetLastError=126)
LogWindows: File 'VtuneApi.dll' does not exist
LogWindows: Failed to load 'VtuneApi32e.dll' (GetLastError=126)
LogWindows: File 'VtuneApi32e.dll' does not exist
LogInit: Display: Running engine for game: TacCrimCopy
LogPlatformFile: Not using cached read wrapper
LogInit: Display: RandInit(-1336752881) SRandInit(-1336752881).
LogTaskGraph: Started task graph with 5 named threads and 14 total threads with 3 sets of task threads.
LogStats: Stats thread started at 0.159938
LogD3D11RHI: Aftermath initialized
LogPluginManager: Mounting plugin Paper2D
LogPluginManager: Mounting plugin LightPropagationVolume
LogPluginManager: Mounting plugin CodeLiteSourceCodeAccess
LogPluginManager: Mounting plugin GitSourceControl
LogPluginManager: Mounting plugin KDevelopSourceCodeAccess
LogPluginManager: Mounting plugin NullSourceCodeAccess
LogPluginManager: Mounting plugin PerforceSourceControl
LogPluginManager: Mounting plugin SubversionSourceControl
LogPluginManager: Mounting plugin UObjectPlugin
LogPluginManager: Mounting plugin VisualStudioSourceCodeAccess
LogPluginManager: Mounting plugin XCodeSourceCodeAccess
LogPluginManager: Mounting plugin AssetManagerEditor
LogPluginManager: Mounting plugin AudioCapture
LogPluginManager: Mounting plugin FacialAnimation
LogPluginManager: Mounting plugin GameplayTagsEditor
LogPluginManager: Mounting plugin MobileLauncherProfileWizard
LogPluginManager: Mounting plugin PluginBrowser
LogPluginManager: Mounting plugin SpeedTreeImporter
LogPluginManager: Mounting plugin AlembicImporter
LogPluginManager: Mounting plugin CharacterAI
LogPluginManager: Mounting plugin HTML5Networking
LogPluginManager: Mounting plugin AndroidMedia
LogPluginManager: Mounting plugin AvfMedia
LogPluginManager: Mounting plugin MediaPlayerEditor
LogPluginManager: Mounting plugin WmfMedia
LogPluginManager: Mounting plugin TcpMessaging
LogPluginManager: Mounting plugin UdpMessaging
LogPluginManager: Mounting plugin LevelSequenceEditor
LogPluginManager: Mounting plugin MatineeToLevelSequence
LogPluginManager: Mounting plugin OnlineSubsystemGooglePlay
LogPluginManager: Mounting plugin OnlineSubsystemIOS
LogPluginManager: Mounting plugin OnlineSubsystem
LogPluginManager: Mounting plugin OnlineSubsystemNull
LogPluginManager: Mounting plugin OnlineSubsystemUtils
LogPluginManager: Mounting plugin AndroidDeviceProfileSelector
LogPluginManager: Mounting plugin AndroidMoviePlayer
LogPluginManager: Mounting plugin AndroidPermission
LogPluginManager: Mounting plugin AppleMoviePlayer
LogPluginManager: Mounting plugin ArchVisCharacter
LogPluginManager: Mounting plugin CableComponent
LogPluginManager: Mounting plugin CustomMeshComponent
LogPluginManager: Mounting plugin ExampleDeviceProfileSelector
LogPluginManager: Mounting plugin GoogleCloudMessaging
LogPluginManager: Mounting plugin ImmediatePhysics
LogPluginManager: Mounting plugin IOSDeviceProfileSelector
LogPluginManager: Mounting plugin LinuxDeviceProfileSelector
LogPluginManager: Mounting plugin LocationServicesBPLibrary
LogPluginManager: Mounting plugin MobilePatchingUtils
LogPluginManager: Mounting plugin OculusVR
LogPluginManager: Mounting plugin PhysXVehicles
LogPluginManager: Mounting plugin ProceduralMeshComponent
LogPluginManager: Mounting plugin RuntimePhysXCooking
LogPluginManager: Mounting plugin SteamVR
LogPluginManager: Mounting plugin WindowsMoviePlayer
LogInit: Using libcurl 7.47.1
LogInit:  - built for x86_64-pc-win32
LogInit:  - supports SSL with OpenSSL/1.0.2g
LogInit:  - supports HTTP deflate (compression) using libz 1.2.8
LogInit:  - other features:
LogInit:      CURL_VERSION_SSL
LogInit:      CURL_VERSION_LIBZ
LogInit:      CURL_VERSION_IPV6
LogInit:      CURL_VERSION_ASYNCHDNS
LogInit:      CURL_VERSION_LARGEFILE
LogInit:      CURL_VERSION_IDN
LogInit:  CurlRequestOptions (configurable via config and command line):
LogInit:  - bVerifyPeer = false  - Libcurl will NOT verify peer certificate
LogInit:  - bUseHttpProxy = false  - Libcurl will NOT use HTTP proxy
LogInit:  - bDontReuseConnections = false  - Libcurl will reuse connections
LogInit:  - CertBundlePath = nullptr  - Libcurl will use whatever was configured at build time.
LogInit: Build: ++UE4+Release-4.17-CL-3658906
LogInit: Engine Version: 4.17.2-3658906+++UE4+Release-4.17
LogInit: Compatible Engine Version: 4.17.0-3573198+++UE4+Release-4.17
LogInit: Net CL: 3573198
LogDevObjectVersion: Number of dev versions registered: 16
LogDevObjectVersion:   Dev-Blueprints (B0D832E4-1F89-4F0D-ACCF-7EB736FD4AA2): 10
LogDevObjectVersion:   Dev-Build (E1C64328-A22C-4D53-A36C-8E866417BD8C): 0
LogDevObjectVersion:   Dev-Core (375EC13C-06E4-48FB-B500-84F0262A717E): 2
LogDevObjectVersion:   Dev-Editor (E4B068ED-F494-42E9-A231-DA0B2E46BB41): 20
LogDevObjectVersion:   Dev-Framework (CFFC743F-43B0-4480-9391-14DF171D2073): 28
LogDevObjectVersion:   Dev-Mobile (B02B49B5-BB20-44E9-A304-32B752E40360): 0
LogDevObjectVersion:   Dev-Networking (A4E4105C-59A1-49B5-A7C5-40C4547EDFEE): 0
LogDevObjectVersion:   Dev-Online (39C831C9-5AE6-47DC-9A44-9C173E1C8E7C): 0
LogDevObjectVersion:   Dev-Physics (78F01B33-EBEA-4F98-B9B4-84EACCB95AA2): 0
LogDevObjectVersion:   Dev-Platform (6631380F-2D4D-43E0-8009-CF276956A95A): 0
LogDevObjectVersion:   Dev-Rendering (12F88B9F-8875-4AFC-A67C-D90C383ABD29): 19
LogDevObjectVersion:   Dev-Sequencer (7B5AE74C-D270-4C10-A958-57980B212A5A): 4
LogDevObjectVersion:   Dev-VR (D7296918-1DD6-4BDD-9DE2-64A83CC13884): 0
LogDevObjectVersion:   Dev-LoadTimes (C2A15278-BFE7-4AFE-6C17-90FF531DF755): 1
LogDevObjectVersion:   Private-Geometry (6EACA3D4-40EC-4CC1-B786-8BED09428FC5): 1
LogDevObjectVersion:   Dev-AnimPhys (29E575DD-E0A3-4627-9D10-D276232CDCEA): 7
LogInit: Compiled (64-bit): Sep 22 2017 13:47:16
LogInit: Compiled with Visual C++: 19.00.24215.01
LogInit: Build Configuration: Development
LogInit: Branch Name: ++UE4+Release-4.17
LogInit: Command line: -EpicPortal 
LogInit: Base directory: E:/Unreal 4.17/UE_4.17/Engine/Binaries/Win64/
LogInit: Installed Engine Build: 1
LogInit: Presizing for max 8388607 objects, including 0 objects not considered by GC, pre-allocating 0 bytes for permanent pool.
LogInit: Object subsystem initialized
[2017.11.16-20.04.50:264][  0]LogInit: Selected Device Profile: [Windows]
[2017.11.16-20.04.50:264][  0]LogInit: Applying CVar settings loaded from the selected device profile: [Windows]
[2017.11.16-20.04.50:271][  0]LogInit: Computer: STEVEN-PC
[2017.11.16-20.04.50:271][  0]LogInit: User: Steven
[2017.11.16-20.04.50:271][  0]LogInit: CPU Page size=4096, Cores=4
[2017.11.16-20.04.50:271][  0]LogInit: High frequency timer resolution =3.906298 MHz
[2017.11.16-20.04.50:271][  0]LogMemory: Memory total: Physical=8.0GB (8GB approx)
[2017.11.16-20.04.50:271][  0]LogMemory: Platform Memory Stats for Windows
[2017.11.16-20.04.50:271][  0]LogMemory: Process Physical Memory: 281.07 MB used, 281.07 MB peak
[2017.11.16-20.04.50:271][  0]LogMemory: Process Virtual Memory: 285.46 MB used, 285.46 MB peak
[2017.11.16-20.04.50:271][  0]LogMemory: Physical Memory: 7278.72 MB used,  865.03 MB free, 8143.75 MB total
[2017.11.16-20.04.50:271][  0]LogMemory: Virtual Memory: 661.47 MB used,  865.03 MB free, 8388608.00 MB total
[2017.11.16-20.04.50:378][  0]LogInit: Using OS detected language (en-GB).
[2017.11.16-20.04.50:378][  0]LogInit: Using OS detected locale (en-GB).
[2017.11.16-20.04.50:382][  0]LogTextLocalizationManager: No specific localization for 'en-GB' exists, so the 'en' localization will be used.
[2017.11.16-20.04.51:030][  0]LogD3D11RHI: D3D11 adapters:
[2017.11.16-20.04.51:655][  0]LogD3D11RHI:    0. 'NVIDIA GeForce GTX 750 Ti' (Feature Level 11_0)
[2017.11.16-20.04.51:655][  0]LogD3D11RHI:       1993/0/3815 MB DedicatedVideo/DedicatedSystem/SharedSystem, Outputs:1, VendorId:0x10de
[2017.11.16-20.04.51:655][  0]LogD3D11RHI: Chosen D3D11 Adapter: 0
[2017.11.16-20.04.51:662][  0]LogD3D11RHI: Creating new Direct3DDevice
[2017.11.16-20.04.51:662][  0]LogD3D11RHI:     GPU DeviceId: 0x1380 (for the marketing name, search the web for "GPU Device Id")
[2017.11.16-20.04.51:662][  0]LogWindows: EnumDisplayDevices:
[2017.11.16-20.04.51:663][  0]LogWindows:    0. 'NVIDIA GeForce GTX 750 Ti' (P:1 D:1)
[2017.11.16-20.04.51:663][  0]LogWindows:    1. 'NVIDIA GeForce GTX 750 Ti' (P:0 D:0)
[2017.11.16-20.04.51:663][  0]LogWindows:    2. 'NVIDIA GeForce GTX 750 Ti' (P:0 D:0)
[2017.11.16-20.04.51:663][  0]LogWindows:    3. 'RDPDD Chained DD' (P:0 D:0)
[2017.11.16-20.04.51:663][  0]LogWindows:    4. 'RDP Encoder Mirror Driver' (P:0 D:0)
[2017.11.16-20.04.51:663][  0]LogWindows:    5. 'RDP Reflector Display Driver' (P:0 D:0)
[2017.11.16-20.04.51:663][  0]LogWindows: DebugString: GetVideoDriverDetailsInvalid PrimaryIsNotTheChoosenAdapter GetVideoDriverDetailsInvalid PrimaryIsNotTheChoosenAdapter GetVideoDriverDetailsInvalid PrimaryIsNotTheChoosenAdapter FoundDriverCount:3 
[2017.11.16-20.04.51:663][  0]LogD3D11RHI:     Adapter Name: NVIDIA GeForce GTX 750 Ti
[2017.11.16-20.04.51:663][  0]LogD3D11RHI:   Driver Version: 384.76 (internal:22.21.13.8476, unified:384.76)
[2017.11.16-20.04.51:663][  0]LogD3D11RHI:      Driver Date: 6-27-2017
[2017.11.16-20.04.51:664][  0]LogRHI: Texture pool is 1361 MB (70% of 1945 MB)
[2017.11.16-20.04.52:218][  0]LogD3D11RHI: Async texture creation enabled
[2017.11.16-20.04.52:355][  0]LogD3D11RHI: GPU Timing Frequency: 1000.000000 (Debug: 2 2)
[2017.11.16-20.04.52:356][  0]LogShaderCompilers: Guid format shader working directory is -11 characters bigger than the processId version (C:/Users/Steven/Documents/Unreal Projects/TacCrimCopy 4.17/Intermediate/Shaders/WorkingDirectory/4164/).
[2017.11.16-20.04.52:356][  0]LogShaderCompilers: Cleaned the shader compiler working directory 'C:/Users/Steven/AppData/Local/Temp/UnrealShaderWorkingDir/8416E5374B6C007480947FA54F211979/'.
[2017.11.16-20.04.52:356][  0]LogShaderCompilers: Display: Using Local Shader Compiler.
[2017.11.16-20.04.53:167][  0]LogTemp: Display: Loaded TP AllDesktopTargetPlatform
[2017.11.16-20.04.53:208][  0]LogTemp: Display: Loaded TP MacClientTargetPlatform
[2017.11.16-20.04.53:250][  0]LogTemp: Display: Loaded TP MacNoEditorTargetPlatform
[2017.11.16-20.04.53:288][  0]LogTemp: Display: Loaded TP MacServerTargetPlatform
[2017.11.16-20.04.53:329][  0]LogTemp: Display: Loaded TP MacTargetPlatform
[2017.11.16-20.04.53:368][  0]LogTemp: Display: Loaded TP WindowsClientTargetPlatform
[2017.11.16-20.04.53:411][  0]LogTemp: Display: Loaded TP WindowsNoEditorTargetPlatform
[2017.11.16-20.04.53:449][  0]LogTemp: Display: Loaded TP WindowsServerTargetPlatform
[2017.11.16-20.04.53:487][  0]LogTemp: Display: Loaded TP WindowsTargetPlatform
[2017.11.16-20.04.53:523][  0]LogTemp: Display: Loaded TP AndroidTargetPlatform
[2017.11.16-20.04.53:559][  0]LogTemp: Display: Loaded TP Android_ASTCTargetPlatform
[2017.11.16-20.04.53:598][  0]LogTemp: Display: Loaded TP Android_ATCTargetPlatform
[2017.11.16-20.04.53:635][  0]LogTemp: Display: Loaded TP Android_DXTTargetPlatform
[2017.11.16-20.04.53:673][  0]LogTemp: Display: Loaded TP Android_ETC1TargetPlatform
[2017.11.16-20.04.53:710][  0]LogTemp: Display: Loaded TP Android_ETC2TargetPlatform
[2017.11.16-20.04.53:783][  0]LogTemp: Display: Loaded TP Android_MultiTargetPlatform
[2017.11.16-20.04.53:783][  0]LogTemp: Display: Loaded TP Android_PVRTCTargetPlatform
[2017.11.16-20.04.53:809][  0]LogTemp: Display: Loaded TP HTML5TargetPlatform
[2017.11.16-20.04.53:878][  0]LogTemp: Display: Loaded TP IOSTargetPlatform
[2017.11.16-20.04.53:898][  0]LogTemp: Display: Loaded TP TVOSTargetPlatform
[2017.11.16-20.04.53:940][  0]LogTemp: Display: Loaded TP LinuxClientTargetPlatform
[2017.11.16-20.04.53:985][  0]LogTemp: Display: Loaded TP LinuxNoEditorTargetPlatform
[2017.11.16-20.04.54:025][  0]LogTemp: Display: Loaded TP LinuxServerTargetPlatform
[2017.11.16-20.04.54:063][  0]LogTemp: Display: Loaded TP LinuxTargetPlatform
[2017.11.16-20.04.54:063][  0]LogTargetPlatformManager: Display: Building Assets For Windows
[2017.11.16-20.04.54:390][  0]LogDerivedDataCache: Display: Max Cache Size: 512 MB
[2017.11.16-20.04.54:490][  0]LogDerivedDataCache: Loaded boot cache 0.10s 93MB C:/Users/Steven/AppData/Local/UnrealEngine/4.17/DerivedDataCache/Boot.ddc.
[2017.11.16-20.04.54:491][  0]LogDerivedDataCache: Display: Loaded Boot cache: C:/Users/Steven/AppData/Local/UnrealEngine/4.17/DerivedDataCache/Boot.ddc
[2017.11.16-20.04.54:491][  0]LogDerivedDataCache: FDerivedDataBackendGraph:  Pak pak cache file C:/Users/Steven/Documents/Unreal Projects/TacCrimCopy 4.17/DerivedDataCache/DDC.ddp not found, will not use a pak cache.
[2017.11.16-20.04.54:491][  0]LogDerivedDataCache: Unable to find inner node Pak for hierarchical cache Hierarchy.
[2017.11.16-20.04.54:491][  0]LogDerivedDataCache: FDerivedDataBackendGraph:  CompressedPak pak cache file C:/Users/Steven/Documents/Unreal Projects/TacCrimCopy 4.17/DerivedDataCache/Compressed.ddp not found, will not use a pak cache.
[2017.11.16-20.04.54:491][  0]LogDerivedDataCache: Unable to find inner node CompressedPak for hierarchical cache Hierarchy.
[2017.11.16-20.04.54:507][  0]LogDerivedDataCache: Display: Pak cache opened for reading ../../../Engine/DerivedDataCache/Compressed.ddp.
[2017.11.16-20.04.54:520][  0]LogDerivedDataCache: Using Local data cache path C:/Users/Steven/AppData/Local/UnrealEngine/Common/DerivedDataCache: Writable
[2017.11.16-20.04.54:531][  0]LogMaterial: Verifying Global Shaders for PCD3D_SM5
[2017.11.16-20.04.54:531][  0]LogSlate: Using Freetype 2.6.0
[2017.11.16-20.04.54:532][  0]LogSlate: SlateFontCache - WITH_FREETYPE: 1, WITH_HARFBUZZ: 1
[2017.11.16-20.04.54:532][  0]LogSlate: SlateFontCache - WITH_FREETYPE: 1, WITH_HARFBUZZ: 1
[2017.11.16-20.04.54:790][  0]LogAssetRegistry: FAssetRegistry took 0.0239 seconds to start up
[2017.11.16-20.04.54:962][  0]LogInit: Selected Device Profile: [Windows]
[2017.11.16-20.04.54:967][  0]LogContentStreaming: Texture pool size is 0.00 MB
[2017.11.16-20.04.55:257][  0]LogSimplygon: Simplygon DLL not present - disabling.
[2017.11.16-20.04.55:289][  0]LogMeshReduction: Using SimplygonSwarm for distributed automatic mesh merging
[2017.11.16-20.04.55:289][  0]LogMeshReduction: Using QuadricMeshReduction for automatic static mesh reduction
[2017.11.16-20.04.55:289][  0]LogMeshReduction: No automatic skeletal mesh reduction module available
[2017.11.16-20.04.55:289][  0]LogMeshReduction: No automatic mesh merging module available
[2017.11.16-20.04.55:289][  0]LogMeshMerging: No automatic mesh merging module available
[2017.11.16-20.04.55:633][  0]LogNetVersion: TacCrimCopy , NetCL: 3573198, EngineNetVer: 2, GameNetVer: 0 (Checksum: 693932024)
[2017.11.16-20.04.55:822][  0]LogPackageLocalizationCache: Processed 5 localized package path(s) for 2 prioritized culture(s) in 0.040591 seconds
[2017.11.16-20.04.55:831][  0]LogUObjectArray: 35825 objects as part of root set at end of initial load.
[2017.11.16-20.04.55:831][  0]LogUObjectAllocator: 7529112 out of 0 bytes used by permanent object pool.
[2017.11.16-20.04.55:831][  0]LogUObjectArray: CloseDisregardForGC: 0/0 objects in disregard for GC pool
[2017.11.16-20.04.55:865][  0]LogInit: WinSock: version 1.1 (2.2), MaxSocks=32767, MaxUdp=65467
[2017.11.16-20.04.57:981][  0]LogTcpMessaging: Initializing TcpMessaging bridge
[2017.11.16-20.04.58:009][  0]LogUdpMessaging: Initializing bridge on interface 0.0.0.0:0 to multicast group 230.0.0.1:6666.
[2017.11.16-20.04.58:522][  0]LogMaterial: Uniform references updated for custom material expression Custom.
[2017.11.16-20.04.58:840][  0]SourceControl: Source control is disabled
[2017.11.16-20.04.58:840][  0]SourceControl: Source control is disabled
[2017.11.16-20.04.58:876][  0]SourceControl: Source control is disabled
[2017.11.16-20.04.58:910][  0]SourceControl: Source control is disabled
[2017.11.16-20.04.59:336][  0]LogAndroidPermission: UAndroidPermissionCallbackProxy::GetInstance
[2017.11.16-20.04.59:518][  0]LogOcInput: OculusInput pre-init called
[2017.11.16-20.04.59:717][  0]LogEngine: Initializing Engine...
[2017.11.16-20.04.59:719][  0]LogHMD: Failed to initialize OpenVR with code 110
[2017.11.16-20.04.59:987][  0]LogStats: UGameplayTagsManager::ConstructGameplayTagTree: Construct from data asset -  0.000 s
[2017.11.16-20.04.59:987][  0]LogStats: UGameplayTagsManager::ConstructGameplayTagTree: GameplayTagTreeChangedEvent.Broadcast -  0.000 s
[2017.11.16-20.05.00:072][  0]LogAIModule: Creating AISystem for world Untitled
[2017.11.16-20.05.00:083][  0]LogInit: XAudio2 using 'Speakers (Realtek High Definition Audio)' : 2 channels at 48 kHz using 32 bits per sample (channel mask 0x3)
[2017.11.16-20.05.00:091][  0]LogInit: FAudioDevice initialized.
[2017.11.16-20.05.00:178][  0]LogDerivedDataCache: Saved boot cache 0.09s 93MB C:/Users/Steven/AppData/Local/UnrealEngine/4.17/DerivedDataCache/Boot.ddc.
[2017.11.16-20.05.00:192][  0]LogInit: Texture streaming: Enabled
[2017.11.16-20.05.00:256][  0]LogEngineSessionManager: EngineSessionManager initialized
[2017.11.16-20.05.00:411][  0]LogInit: Transaction tracking system initialized
[2017.11.16-20.05.00:637][  0]BlueprintLog: New page: Editor Load
[2017.11.16-20.05.01:258][  0]LocalizationService: Localization service is disabled
[2017.11.16-20.05.01:771][  0]LogConsoleResponse: Display: 
[2017.11.16-20.05.01:935][  0]LogCook: Display: Max memory allowance for cook 16384mb min free memory 0mb
[2017.11.16-20.05.01:935][  0]LogCook: Display: Mobile HDR setting 1
[2017.11.16-20.05.01:935][  0]LogGameplayTags: Display: UGameplayTagsManager::DoneAddingNativeTags. DelegateIsBound: 0
[2017.11.16-20.05.02:279][  0]LogFileCache: Scanning file cache for directory 'C:/Users/Steven/Documents/Unreal Projects/TacCrimCopy 4.17/Content/' took 0.01s
[2017.11.16-20.05.02:651][  0]SourceControl: Source control is disabled
[2017.11.16-20.05.02:651][  0]Cmd: MAP LOAD FILE="C:/Users/Steven/Documents/Unreal Projects/TacCrimCopy 4.17/Content/ThirdPersonBP/Maps/ThirdPersonExampleMap.umap" TEMPLATE=0 SHOWPROGRESS=1 FEATURELEVEL=3
[2017.11.16-20.05.02:652][  0]LightingResults: New page: Lighting Build
[2017.11.16-20.05.02:684][  0]MapCheck: New page: Map Check
[2017.11.16-20.05.02:684][  0]LightingResults: New page: Lighting Build
[2017.11.16-20.05.03:364][  0]LogAIModule: Creating AISystem for world ThirdPersonExampleMap
[2017.11.16-20.05.03:364][  0]LogActorComponent: RegisterComponentWithWorld: (/Game/ThirdPersonBP/Maps/ThirdPersonExampleMap.ThirdPersonExampleMap:PersistentLevel.WorldInfo_0.StaticMeshComponent0) Trying to register component with IsPendingKill() == true. Aborting.
[2017.11.16-20.05.03:370][  0]LogEditorServer: Finished looking for orphan Actors (0.000 secs)
[2017.11.16-20.05.03:466][  0]Cmd: MAP CHECKDEP NOCLEARLOG
[2017.11.16-20.05.03:519][  0]MapCheck: Map check complete: 0 Error(s), 0 Warning(s), took 53.565ms to complete.
[2017.11.16-20.05.03:519][  0]LogFileHelpers: Loading map 'ThirdPersonExampleMap' took 0.869
[2017.11.16-20.05.03:673][  0]LogCollectionManager: Loaded 0 collections in 0.001610 seconds
[2017.11.16-20.05.03:735][  0]LogFileCache: Scanning file cache for directory 'C:/Users/Steven/Documents/Unreal Projects/TacCrimCopy 4.17/Saved/Collections/' took 0.01s
[2017.11.16-20.05.03:735][  0]LogFileCache: Scanning file cache for directory 'C:/Users/Steven/Documents/Unreal Projects/TacCrimCopy 4.17/Content/Developers/Steven/Collections/' took 0.01s
[2017.11.16-20.05.03:735][  0]LogFileCache: Scanning file cache for directory 'C:/Users/Steven/Documents/Unreal Projects/TacCrimCopy 4.17/Content/Collections/' took 0.01s
[2017.11.16-20.05.03:735][  0]LogCollectionManager: Rebuilt the GUID cache for 0 collections in 0.000001 seconds
[2017.11.16-20.05.03:742][  0]LogContentBrowser: Native class hierarchy populated in 0.0067 seconds. Added 2386 classes and 500 folders.
[2017.11.16-20.05.03:784][  0]LogContentBrowser: Native class hierarchy updated for 'WidgetCarousel' in 0.0005 seconds. Added 0 classes and 0 folders.
[2017.11.16-20.05.04:126][  0]LogContentBrowser: Native class hierarchy updated for 'AddContentDialog' in 0.0006 seconds. Added 0 classes and 0 folders.
[2017.11.16-20.05.04:206][  0]LogContentBrowser: Native class hierarchy updated for 'SceneOutliner' in 0.0006 seconds. Added 1 classes and 2 folders.
[2017.11.16-20.05.04:254][  0]LogSlate: Took 0.000182 seconds to synchronously load lazily loaded font '../../../Engine/Content/Slate/Fonts/Roboto-Regular.ttf' (155K)
[2017.11.16-20.05.04:256][  0]LogSlate: Took 0.000199 seconds to synchronously load lazily loaded font '../../../Engine/Content/Slate/Fonts/Roboto-Bold.ttf' (160K)
[2017.11.16-20.05.04:269][  0]LogSlate: Took 0.010803 seconds to synchronously load lazily loaded font '../../../Engine/Content/Editor/Slate/Fonts/FontAwesome.ttf' (139K)
[2017.11.16-20.05.04:411][  0]LogRenderer: Reallocating scene render targets to support 1272x484 Format 10 NumSamples 1 (Frame:1).
[2017.11.16-20.05.04:672][  0]LogContentBrowser: Native class hierarchy updated for 'HierarchicalLODOutliner' in 0.0005 seconds. Added 1 classes and 2 folders.
[2017.11.16-20.05.04:672][  0]LogLoad: (Engine Initialization) Total time: 15.75 seconds
[2017.11.16-20.05.04:672][  0]LogLoad: (Engine Initialization) Total Blueprint compile time: 0.00 seconds
[2017.11.16-20.05.04:672][  0]LogExternalProfiler: Found external profiler: VSPerf
[2017.11.16-20.05.04:672][  0]LogExternalProfiler: Using external profiler: VSPerf
[2017.11.16-20.05.05:033][  0]LogContentStreaming: Texture pool size now 1000 MB
[2017.11.16-20.05.05:141][  0]LogSlate: Took 0.014818 seconds to synchronously load lazily loaded font '../../../Engine/Content/Slate/Fonts/Roboto-Light.ttf' (159K)
[2017.11.16-20.05.05:359][  1]LogAssetRegistry: Asset discovery search completed in 10.5903 seconds
[2017.11.16-20.05.05:363][  1]LogCollectionManager: Rebuilt the object cache for 0 collections in 0.000001 seconds (found 0 objects)
[2017.11.16-20.05.05:363][  1]LogCollectionManager: Fixed up redirectors for 0 collections in 0.000095 seconds (updated 0 objects)
[2017.11.16-20.06.26:556][730]Cmd: MAP LOAD FILE="C:/Users/Steven/Documents/Unreal Projects/TacCrimCopy 4.17/Content/ProtoType.umap" TEMPLATE=0 SHOWPROGRESS=1 FEATURELEVEL=3
[2017.11.16-20.06.26:560][730]LogSlate: Took 0.000282 seconds to synchronously load lazily loaded font '../../../Engine/Content/Slate/Fonts/Roboto-Light.ttf' (159K)
[2017.11.16-20.06.26:578][730]LightingResults: New page: Lighting Build
[2017.11.16-20.06.26:579][730]LoadErrors: New page: Loading map: ProtoType.umap
[2017.11.16-20.06.26:581][730]MapCheck: New page: Map Check
[2017.11.16-20.06.26:581][730]LightingResults: New page: Lighting Build
[2017.11.16-20.06.26:847][730]LogAIModule: Creating AISystem for world ProtoType
[2017.11.16-20.06.26:868][730]LogEditorServer: Finished looking for orphan Actors (0.000 secs)
[2017.11.16-20.06.26:894][730]Cmd: MAP CHECKDEP NOCLEARLOG
[2017.11.16-20.06.26:954][730]MapCheck: Map check complete: 0 Error(s), 0 Warning(s), took 60.223ms to complete.
[2017.11.16-20.06.26:954][730]LogFileHelpers: Loading map 'ProtoType' took 0.399
[2017.11.16-20.06.32:102][327]LogTemp: Repeating last play command: Selected Viewport
[2017.11.16-20.06.32:127][327]LogPlayLevel: PlayLevel: No blueprints needed recompiling
[2017.11.16-20.06.32:128][327]PIE: New page: PIE session: ProtoType (16 Nov 2017 20:06:32)
[2017.11.16-20.06.32:128][327]LogPlayLevel: Creating play world package: /Game/UEDPIE_0_ProtoType
[2017.11.16-20.06.32:187][327]LogPlayLevel: PIE: StaticDuplicateObject took: (0.058564s)
[2017.11.16-20.06.32:187][327]LogAIModule: Creating AISystem for world ProtoType
[2017.11.16-20.06.32:187][327]LogPlayLevel: PIE: World Init took: (0.000594s)
[2017.11.16-20.06.32:187][327]LogPlayLevel: PIE: Created PIE world by copying editor world from /Game/ProtoType.ProtoType to /Game/UEDPIE_0_ProtoType.ProtoType (0.059459s)
[2017.11.16-20.06.32:199][327]LogInit: XAudio2 using 'Speakers (Realtek High Definition Audio)' : 2 channels at 48 kHz using 32 bits per sample (channel mask 0x3)
[2017.11.16-20.06.32:205][327]LogInit: FAudioDevice initialized.
[2017.11.16-20.06.32:251][327]LogLoad: Game class is 'ThirdPersonGameMode_C'
[2017.11.16-20.06.32:261][327]LogWorld: Bringing World /Game/UEDPIE_0_ProtoType.ProtoType up for play (max tick rate 0) at 2017.11.16-20.06.32
[2017.11.16-20.06.32:261][327]LogWorld: Bringing up level for play took: 0.008543
[2017.11.16-20.06.32:292][327]LogContentBrowser: Native class hierarchy updated for 'MovieSceneCapture' in 0.0006 seconds. Added 11 classes and 0 folders.
[2017.11.16-20.06.32:292][327]LogGameMode: Display: Match State Changed from EnteringMap to WaitingToStart
[2017.11.16-20.06.32:292][327]LogGameState: Match State Changed from EnteringMap to WaitingToStart
[2017.11.16-20.06.32:292][327]LogGameMode: Display: Match State Changed from WaitingToStart to InProgress
[2017.11.16-20.06.32:326][327]LogGameState: Match State Changed from WaitingToStart to InProgress
[2017.11.16-20.06.32:326][327]PIE: Play in editor start time for /Game/UEDPIE_0_ProtoType 1.094
[2017.11.16-20.06.38:816][984]LogRenderer: Reallocating scene render targets to support 1272x488 Format 10 NumSamples 1 (Frame:945).
[2017.11.16-20.06.38:853][985]LogRenderer: Reallocating scene render targets to support 1272x508 Format 10 NumSamples 1 (Frame:947).
[2017.11.16-20.06.38:893][986]LogRenderer: Reallocating scene render targets to support 1272x556 Format 10 NumSamples 1 (Frame:949).
[2017.11.16-20.06.38:945][987]LogRenderer: Reallocating scene render targets to support 1272x592 Format 10 NumSamples 1 (Frame:951).
[2017.11.16-20.06.39:004][988]LogRenderer: Reallocating scene render targets to support 1272x636 Format 10 NumSamples 1 (Frame:953).
[2017.11.16-20.06.39:041][989]LogRenderer: Reallocating scene render targets to support 1272x680 Format 10 NumSamples 1 (Frame:955).
[2017.11.16-20.06.39:106][990]LogRenderer: Reallocating scene render targets to support 1272x716 Format 10 NumSamples 1 (Frame:957).
[2017.11.16-20.06.39:172][991]LogRenderer: Reallocating scene render targets to support 1272x720 Format 10 NumSamples 1 (Frame:959).
[2017.11.16-20.06.40:441][101]LogTemp: Repeating last play command: Selected Viewport
[2017.11.16-20.06.40:449][101]LogPlayLevel: PlayLevel: No blueprints needed recompiling
[2017.11.16-20.06.40:450][101]PIE: New page: PIE session: ProtoType (16 Nov 2017 20:06:40)
[2017.11.16-20.06.40:450][101]LogPlayLevel: Creating play world package: /Game/UEDPIE_0_ProtoType
[2017.11.16-20.06.40:515][101]LogPlayLevel: PIE: StaticDuplicateObject took: (0.065025s)
[2017.11.16-20.06.40:516][101]LogAIModule: Creating AISystem for world ProtoType
[2017.11.16-20.06.40:516][101]LogPlayLevel: PIE: World Init took: (0.001647s)
[2017.11.16-20.06.40:517][101]LogPlayLevel: PIE: Created PIE world by copying editor world from /Game/ProtoType.ProtoType to /Game/UEDPIE_0_ProtoType.ProtoType (0.067194s)
[2017.11.16-20.06.40:527][101]LogInit: XAudio2 using 'Speakers (Realtek High Definition Audio)' : 2 channels at 48 kHz using 32 bits per sample (channel mask 0x3)
[2017.11.16-20.06.40:534][101]LogInit: FAudioDevice initialized.
[2017.11.16-20.06.40:562][101]LogLoad: Game class is 'ThirdPersonGameMode_C'
[2017.11.16-20.06.40:570][101]LogWorld: Bringing World /Game/UEDPIE_0_ProtoType.ProtoType up for play (max tick rate 0) at 2017.11.16-20.06.40
[2017.11.16-20.06.40:570][101]LogWorld: Bringing up level for play took: 0.008131
[2017.11.16-20.06.40:571][101]LogGameMode: Display: Match State Changed from EnteringMap to WaitingToStart
[2017.11.16-20.06.40:571][101]LogGameState: Match State Changed from EnteringMap to WaitingToStart
[2017.11.16-20.06.40:571][101]LogGameMode: Display: Match State Changed from WaitingToStart to InProgress
[2017.11.16-20.06.40:572][101]LogGameState: Match State Changed from WaitingToStart to InProgress
[2017.11.16-20.06.40:572][101]PIE: Play in editor start time for /Game/UEDPIE_0_ProtoType -0.661
[2017.11.16-20.32.42:854][423]Cmd: QUIT_EDITOR
[2017.11.16-20.32.42:884][423]LogExit: Preparing to exit.
[2017.11.16-20.32.43:283][423]LogExit: Editor shut down
[2017.11.16-20.32.43:288][423]LogExit: Transaction tracking system shut down
[2017.11.16-20.32.43:373][423]LogDirectoryWatcher: A directory notification for '../../../Engine/Content/' was aborted.
[2017.11.16-20.32.43:373][423]LogDirectoryWatcher: A directory notification for 'C:/Users/Steven/Documents/Unreal Projects/TacCrimCopy 4.17/Content/' was aborted.
[2017.11.16-20.32.43:373][423]LogDirectoryWatcher: A directory notification for '../../../Engine/Plugins/2D/Paper2D/Content/' was aborted.
[2017.11.16-20.32.43:373][423]LogDirectoryWatcher: A directory notification for '../../../Engine/Plugins/Runtime/Oculus/OculusVR/Content/' was aborted.
[2017.11.16-20.32.43:373][423]LogDirectoryWatcher: A directory notification for '../../../Engine/Plugins/Runtime/Steam/SteamVR/Content/' was aborted.
[2017.11.16-20.32.43:831][423]LogExit: Object subsystem successfully closed.
[2017.11.16-20.32.44:338][423]LogD3D11RHI: Shutdown
[2017.11.16-20.32.44:348][423]LogD3D11RHI: CleanupD3DDevice
[2017.11.16-20.32.44:491][423]LogD3D11RHI: ~FD3D11DynamicRHI
[2017.11.16-20.32.45:333][423]LogModuleManager: Shutting down and abandoning module MovieSceneCapture (532)
[2017.11.16-20.32.45:359][423]LogModuleManager: Shutting down and abandoning module HierarchicalLODOutliner (530)
[2017.11.16-20.32.45:360][423]LogModuleManager: Shutting down and abandoning module SceneOutliner (528)
[2017.11.16-20.32.45:360][423]LogModuleManager: Shutting down and abandoning module AddContentDialog (526)
[2017.11.16-20.32.45:360][423]LogDirectoryWatcher: A directory notification for 'E:/Unreal 4.17/UE_4.17/FeaturePacks/' was aborted.
[2017.11.16-20.32.45:360][423]LogModuleManager: Shutting down and abandoning module WidgetCarousel (525)
[2017.11.16-20.32.45:360][423]LogModuleManager: Shutting down and abandoning module EditorWidgets (522)
[2017.11.16-20.32.45:360][423]LogModuleManager: Shutting down and abandoning module CollectionManager (520)
[2017.11.16-20.32.45:370][423]LogDirectoryWatcher: A directory notification for 'C:/Users/Steven/Documents/Unreal Projects/TacCrimCopy 4.17/Content/Collections/' was aborted.
[2017.11.16-20.32.45:370][423]LogDirectoryWatcher: A directory notification for 'C:/Users/Steven/Documents/Unreal Projects/TacCrimCopy 4.17/Content/Developers/Steven/Collections/' was aborted.
[2017.11.16-20.32.45:370][423]LogDirectoryWatcher: A directory notification for 'C:/Users/Steven/Documents/Unreal Projects/TacCrimCopy 4.17/Saved/Collections/' was aborted.
[2017.11.16-20.32.45:370][423]LogModuleManager: Shutting down and abandoning module StatsViewer (518)
[2017.11.16-20.32.45:392][423]LogModuleManager: Shutting down and abandoning module FoliageEdit (516)
[2017.11.16-20.32.45:392][423]LogModuleManager: Shutting down and abandoning module LandscapeEditor (514)
[2017.11.16-20.32.45:420][423]LogModuleManager: Shutting down and abandoning module MeshPaintMode (512)
[2017.11.16-20.32.45:420][423]LogModuleManager: Shutting down and abandoning module SceneDepthPickerMode (510)
[2017.11.16-20.32.45:420][423]LogModuleManager: Shutting down and abandoning module ActorPickerMode (508)
[2017.11.16-20.32.45:420][423]LogModuleManager: Shutting down and abandoning module GeometryMode (506)
[2017.11.16-20.32.45:420][423]LogModuleManager: Shutting down and abandoning module TextureAlignMode (504)
[2017.11.16-20.32.45:420][423]LogModuleManager: Shutting down and abandoning module BspMode (502)
[2017.11.16-20.32.45:430][423]LogModuleManager: Shutting down and abandoning module PIEPreviewDeviceProfileSelector (500)
[2017.11.16-20.32.45:430][423]LogModuleManager: Shutting down and abandoning module HardwareSurvey (498)
[2017.11.16-20.32.45:430][423]LogModuleManager: Shutting down and abandoning module SequenceRecorderSections (496)
[2017.11.16-20.32.45:436][423]LogModuleManager: Shutting down and abandoning module AutomationWorker (494)
[2017.11.16-20.32.45:446][423]LogModuleManager: Shutting down and abandoning module MatineeToLevelSequence (492)
[2017.11.16-20.32.45:470][423]LogModuleManager: Shutting down and abandoning module LevelSequenceEditor (490)
[2017.11.16-20.32.45:505][423]LogModuleManager: Shutting down and abandoning module PlacementMode (489)
[2017.11.16-20.32.45:505][423]LogModuleManager: Shutting down and abandoning module WmfMediaFactory (486)
[2017.11.16-20.32.45:505][423]LogModuleManager: Shutting down and abandoning module WmfMediaEditor (484)
[2017.11.16-20.32.45:505][423]LogModuleManager: Shutting down and abandoning module AvfMediaFactory (482)
[2017.11.16-20.32.45:505][423]LogModuleManager: Shutting down and abandoning module AvfMediaEditor (480)
[2017.11.16-20.32.45:505][423]LogModuleManager: Shutting down and abandoning module AndroidMediaFactory (478)
[2017.11.16-20.32.45:505][423]LogModuleManager: Shutting down and abandoning module Media (477)
[2017.11.16-20.32.45:505][423]LogModuleManager: Shutting down and abandoning module AndroidMediaEditor (474)
[2017.11.16-20.32.45:505][423]LogModuleManager: Shutting down and abandoning module CharacterAI (472)
[2017.11.16-20.32.45:506][423]LogModuleManager: Shutting down and abandoning module AudioCapture (470)
[2017.11.16-20.32.45:506][423]LogModuleManager: Shutting down and abandoning module SequenceRecorder (469)
[2017.11.16-20.32.45:512][423]LogModuleManager: Shutting down and abandoning module SmartSnapping (466)
[2017.11.16-20.32.45:512][423]LogModuleManager: Shutting down and abandoning module SessionServices (464)
[2017.11.16-20.32.45:512][423]LogModuleManager: Shutting down and abandoning module ViewportSnapping (462)
[2017.11.16-20.32.45:512][423]LogModuleManager: Shutting down and abandoning module ViewportInteraction (460)
[2017.11.16-20.32.45:512][423]LogModuleManager: Shutting down and abandoning module ClothPainter (458)
[2017.11.16-20.32.45:546][423]LogModuleManager: Shutting down and abandoning module LogVisualizer (456)
[2017.11.16-20.32.45:563][423]LogModuleManager: Shutting down and abandoning module IntroTutorials (454)
[2017.11.16-20.32.45:585][423]LogModuleManager: Shutting down and abandoning module GameProjectGeneration (453)
[2017.11.16-20.32.45:601][423]LogModuleManager: Shutting down and abandoning module IOSPlatformEditor (450)
[2017.11.16-20.32.45:610][423]LogModuleManager: Shutting down and abandoning module HTML5PlatformEditor (448)
[2017.11.16-20.32.45:610][423]LogModuleManager: Shutting down and abandoning module AndroidPlatformEditor (446)
[2017.11.16-20.32.45:610][423]LogModuleManager: Shutting down and abandoning module AndroidDeviceDetection (445)
[2017.11.16-20.32.45:639][423]LogModuleManager: Shutting down and abandoning module WindowsPlatformEditor (442)
[2017.11.16-20.32.45:639][423]LogModuleManager: Shutting down and abandoning module IOSRuntimeSettings (440)
[2017.11.16-20.32.45:639][423]LogModuleManager: Shutting down and abandoning module AndroidRuntimeSettings (438)
[2017.11.16-20.32.45:639][423]LogModuleManager: Shutting down and abandoning module InputBindingEditor (436)
[2017.11.16-20.32.45:657][423]LogModuleManager: Shutting down and abandoning module MergeActors (434)
[2017.11.16-20.32.45:668][423]LogModuleManager: Shutting down and abandoning module SizeMap (432)
[2017.11.16-20.32.45:668][423]LogModuleManager: Shutting down and abandoning module TreeMap (430)
[2017.11.16-20.32.45:678][423]LogModuleManager: Shutting down and abandoning module ReferenceViewer (428)
[2017.11.16-20.32.45:678][423]LogModuleManager: Shutting down and abandoning module LocalizationDashboard (426)
[2017.11.16-20.32.45:688][423]LogModuleManager: Shutting down and abandoning module LocalizationService (425)
[2017.11.16-20.32.45:694][423]LogModuleManager: Shutting down and abandoning module HardwareTargeting (422)
[2017.11.16-20.32.45:694][423]LogModuleManager: Shutting down and abandoning module DeviceProfileEditor (420)
[2017.11.16-20.32.45:697][423]LogModuleManager: Shutting down and abandoning module UndoHistory (418)
[2017.11.16-20.32.45:698][423]LogModuleManager: Shutting down and abandoning module XmlParser (416)
[2017.11.16-20.32.45:701][423]LogModuleManager: Shutting down and abandoning module Blutility (414)
[2017.11.16-20.32.45:701][423]LogModuleManager: Shutting down and abandoning module ProjectSettingsViewer (412)
[2017.11.16-20.32.45:701][423]LogModuleManager: Shutting down and abandoning module ProjectTargetPlatformEditor (411)
[2017.11.16-20.32.45:702][423]LogModuleManager: Shutting down and abandoning module EditorSettingsViewer (408)
[2017.11.16-20.32.45:702][423]LogModuleManager: Shutting down and abandoning module SettingsEditor (406)
[2017.11.16-20.32.45:719][423]LogModuleManager: Shutting down and abandoning module ProjectLauncher (404)
[2017.11.16-20.32.45:723][423]LogModuleManager: Shutting down and abandoning module SessionFrontend (402)
[2017.11.16-20.32.45:726][423]LogModuleManager: Shutting down and abandoning module ProfilerClient (400)
[2017.11.16-20.32.45:729][423]LogModuleManager: Shutting down and abandoning module DeviceManager (398)
[2017.11.16-20.32.45:743][423]LogModuleManager: Shutting down and abandoning module TargetDeviceServices (397)
[2017.11.16-20.32.45:789][423]LogModuleManager: Shutting down and abandoning module AutomationController (394)
[2017.11.16-20.32.45:806][423]LogModuleManager: Shutting down and abandoning module AutomationWindow (392)
[2017.11.16-20.32.45:830][423]LogModuleManager: Shutting down and abandoning module Layers (390)
[2017.11.16-20.32.45:844][423]LogModuleManager: Shutting down and abandoning module ComponentVisualizers (388)
[2017.11.16-20.32.45:844][423]LogModuleManager: Shutting down and abandoning module DetailCustomizations (386)
[2017.11.16-20.32.45:868][423]LogModuleManager: Shutting down and abandoning module PackagesDialog (384)
[2017.11.16-20.32.45:869][423]LogModuleManager: Shutting down and abandoning module Persona (382)
[2017.11.16-20.32.45:909][423]LogModuleManager: Shutting down and abandoning module AdvancedPreviewScene (381)
[2017.11.16-20.32.45:909][423]LogModuleManager: Shutting down and abandoning module AnimGraph (379)
[2017.11.16-20.32.45:914][423]LogModuleManager: Shutting down and abandoning module Kismet (376)
[2017.11.16-20.32.45:925][423]LogModuleManager: Shutting down and abandoning module ClassViewer (374)
[2017.11.16-20.32.45:925][423]LogModuleManager: Shutting down and abandoning module Toolbox (372)
[2017.11.16-20.32.45:925][423]LogModuleManager: Shutting down and abandoning module ModuleUI (370)
[2017.11.16-20.32.45:928][423]LogModuleManager: Shutting down and abandoning module MovieSceneTools (368)
[2017.11.16-20.32.45:954][423]LogModuleManager: Shutting down and abandoning module OutputLog (366)
[2017.11.16-20.32.45:963][423]LogModuleManager: Shutting down and abandoning module GammaUI (364)
[2017.11.16-20.32.45:970][423]LogModuleManager: Shutting down and abandoning module Documentation (362)
[2017.11.16-20.32.45:970][423]LogModuleManager: Shutting down and abandoning module MovieSceneTracks (360)
[2017.11.16-20.32.45:970][423]LogModuleManager: Shutting down and abandoning module MovieScene (358)
[2017.11.16-20.32.45:970][423]LogModuleManager: Shutting down and abandoning module Niagara (356)
[2017.11.16-20.32.45:970][423]LogModuleManager: Shutting down and abandoning module NiagaraEditor (355)
[2017.11.16-20.32.46:000][423]LogModuleManager: Shutting down and abandoning module StreamingPauseRendering (352)
[2017.11.16-20.32.46:000][423]LogModuleManager: Shutting down and abandoning module LauncherPlatform (350)
[2017.11.16-20.32.46:000][423]LogModuleManager: Shutting down and abandoning module AnalyticsET (348)
[2017.11.16-20.32.46:000][423]LogModuleManager: Shutting down and abandoning module PortalServices (346)
[2017.11.16-20.32.46:000][423]LogModuleManager: Shutting down and abandoning module PortalRpc (344)
[2017.11.16-20.32.46:000][423]LogModuleManager: Shutting down and abandoning module MessagingRpc (342)
[2017.11.16-20.32.46:000][423]LogModuleManager: Shutting down and abandoning module AIModule (340)
[2017.11.16-20.32.46:000][423]LogModuleManager: Shutting down and abandoning module GameplayDebugger (339)
[2017.11.16-20.32.46:000][423]LogModuleManager: Shutting down and abandoning module AITestSuite (337)
[2017.11.16-20.32.46:008][423]LogModuleManager: Shutting down and abandoning module ProfilerService (334)
[2017.11.16-20.32.46:127][423]LogModuleManager: Shutting down and abandoning module TaskGraph (332)
[2017.11.16-20.32.46:127][423]LogModuleManager: Shutting down and abandoning module SteamVRController (330)
[2017.11.16-20.32.46:127][423]LogModuleManager: Shutting down and abandoning module ProceduralMeshComponentEditor (328)
[2017.11.16-20.32.46:127][423]LogModuleManager: Shutting down and abandoning module ProceduralMeshComponent (326)
[2017.11.16-20.32.46:127][423]LogModuleManager: Shutting down and abandoning module OculusInput (324)
[2017.11.16-20.32.46:127][423]LogModuleManager: Shutting down and abandoning module MobilePatchingUtils (322)
[2017.11.16-20.32.46:127][423]LogModuleManager: Shutting down and abandoning module CustomMeshComponent (320)
[2017.11.16-20.32.46:127][423]LogModuleManager: Shutting down and abandoning module CableComponent (318)
[2017.11.16-20.32.46:127][423]LogModuleManager: Shutting down and abandoning module ArchVisCharacter (316)
[2017.11.16-20.32.46:127][423]LogModuleManager: Shutting down and abandoning module AndroidPermission (314)
[2017.11.16-20.32.46:127][423]LogModuleManager: Shutting down and abandoning module MediaPlayerEditor (310)
[2017.11.16-20.32.46:127][423]LogModuleManager: Shutting down and abandoning module HTML5Networking (308)
[2017.11.16-20.32.46:127][423]LogModuleManager: Shutting down and abandoning module AlembicImporter (306)
[2017.11.16-20.32.46:127][423]LogModuleManager: Shutting down and abandoning module AlembicLibrary (305)
[2017.11.16-20.32.46:127][423]LogModuleManager: Shutting down and abandoning module GeometryCache (304)
[2017.11.16-20.32.46:127][423]LogModuleManager: Shutting down and abandoning module GeometryCacheEd (303)
[2017.11.16-20.32.46:127][423]LogModuleManager: Shutting down and abandoning module SpeedTreeImporter (298)
[2017.11.16-20.32.46:127][423]LogModuleManager: Shutting down and abandoning module PluginBrowser (296)
[2017.11.16-20.32.46:128][423]LogModuleManager: Shutting down and abandoning module MobileLauncherProfileWizard (294)
[2017.11.16-20.32.46:128][423]LogModuleManager: Shutting down and abandoning module VisualStudioSourceCodeAccess (292)
[2017.11.16-20.32.46:128][423]LogModuleManager: Shutting down and abandoning module DesktopPlatform (291)
[2017.11.16-20.32.46:128][423]LogModuleManager: Shutting down and abandoning module UObjectPlugin (288)
[2017.11.16-20.32.46:128][423]LogModuleManager: Shutting down and abandoning module SubversionSourceControl (286)
[2017.11.16-20.32.46:128][423]LogModuleManager: Shutting down and abandoning module PerforceSourceControl (284)
[2017.11.16-20.32.46:128][423]LogModuleManager: Shutting down and abandoning module GitSourceControl (282)
[2017.11.16-20.32.46:145][423]LogModuleManager: Shutting down and abandoning module SourceControl (281)
[2017.11.16-20.32.46:166][423]LogModuleManager: Shutting down and abandoning module LightPropagationVolumeEditor (278)
[2017.11.16-20.32.46:166][423]LogModuleManager: Shutting down and abandoning module PaperTiledImporter (276)
[2017.11.16-20.32.46:166][423]LogModuleManager: Shutting down and abandoning module PaperSpriteSheetImporter (274)
[2017.11.16-20.32.46:166][423]LogModuleManager: Shutting down and abandoning module Paper2DEditor (272)
[2017.11.16-20.32.46:178][423]LogModuleManager: Shutting down and abandoning module MeshPaint (271)
[2017.11.16-20.32.46:186][423]LogModuleManager: Shutting down and abandoning module LevelEditor (269)
[2017.11.16-20.32.46:199][423]LogModuleManager: Shutting down and abandoning module PixelInspectorModule (268)
[2017.11.16-20.32.46:220][423]LogModuleManager: Shutting down and abandoning module MainFrame (266)
[2017.11.16-20.32.46:221][423]LogModuleManager: Shutting down and abandoning module HotReload (265)
[2017.11.16-20.32.46:227][423]LogModuleManager: Shutting down and abandoning module RuntimePhysXCooking (260)
[2017.11.16-20.32.46:227][423]LogModuleManager: Shutting down and abandoning module PhysXVehiclesEditor (258)
[2017.11.16-20.32.46:227][423]LogModuleManager: Shutting down and abandoning module PhysXVehicles (256)
[2017.11.16-20.32.46:227][423]LogModuleManager: Shutting down and abandoning module OculusEditor (254)
[2017.11.16-20.32.46:227][423]LogModuleManager: Shutting down and abandoning module LocationServicesBPLibrary (252)
[2017.11.16-20.32.46:227][423]LogModuleManager: Shutting down and abandoning module ImmediatePhysicsEditor (250)
[2017.11.16-20.32.46:227][423]LogModuleManager: Shutting down and abandoning module ImmediatePhysics (248)
[2017.11.16-20.32.46:238][423]LogModuleManager: Shutting down and abandoning module UdpMessaging (246)
[2017.11.16-20.32.46:339][423]LogModuleManager: Shutting down and abandoning module TcpMessaging (244)
[2017.11.16-20.32.46:447][423]LogModuleManager: Shutting down and abandoning module GameplayTagsEditor (242)
[2017.11.16-20.32.46:688][423]LogModuleManager: Shutting down and abandoning module FacialAnimationEditor (240)
[2017.11.16-20.32.46:688][423]LogModuleManager: Shutting down and abandoning module FacialAnimation (238)
[2017.11.16-20.32.46:688][423]LogModuleManager: Shutting down and abandoning module AssetManagerEditor (236)
[2017.11.16-20.32.46:704][423]LogModuleManager: Shutting down and abandoning module GraphEditor (235)
[2017.11.16-20.32.46:737][423]LogModuleManager: Shutting down and abandoning module ContentBrowser (233)
[2017.11.16-20.32.46:740][423]LogModuleManager: Shutting down and abandoning module LightPropagationVolumeRuntime (230)
[2017.11.16-20.32.46:740][423]LogModuleManager: Shutting down and abandoning module Paper2D (228)
[2017.11.16-20.32.46:752][423]LogModuleManager: Shutting down and abandoning module WindowsMoviePlayer (226)
[2017.11.16-20.32.46:763][423]LogModuleManager: Shutting down and abandoning module WmfMedia (224)
[2017.11.16-20.32.46:772][423]LogModuleManager: Shutting down and abandoning module PacketHandler (222)
[2017.11.16-20.32.46:772][423]LogModuleManager: Shutting down and abandoning module ClothingSystemEditor (220)
[2017.11.16-20.32.46:785][423]LogModuleManager: Shutting down and abandoning module ClothingSystemRuntime (218)
[2017.11.16-20.32.46:810][423]LogModuleManager: Shutting down and abandoning module Overlay (216)
[2017.11.16-20.32.46:810][423]LogModuleManager: Shutting down and abandoning module OverlayEditor (215)
[2017.11.16-20.32.46:810][423]LogModuleManager: Shutting down and abandoning module MediaAssets (212)
[2017.11.16-20.32.46:810][423]LogModuleManager: Shutting down and abandoning module VREditor (210)
[2017.11.16-20.32.46:829][423]LogModuleManager: Shutting down and abandoning module StringTableEditor (208)
[2017.11.16-20.32.46:838][423]LogModuleManager: Shutting down and abandoning module GameplayTasksEditor (206)
[2017.11.16-20.32.46:838][423]LogModuleManager: Shutting down and abandoning module BehaviorTreeEditor (204)
[2017.11.16-20.32.46:868][423]LogModuleManager: Shutting down and abandoning module FunctionalTesting (202)
[2017.11.16-20.32.46:869][423]LogModuleManager: Shutting down and abandoning module CollisionAnalyzer (200)
[2017.11.16-20.32.46:877][423]LogModuleManager: Shutting down and abandoning module WorkspaceMenuStructure (199)
[2017.11.16-20.32.46:877][423]LogModuleManager: Shutting down and abandoning module UMG (196)
[2017.11.16-20.32.46:901][423]LogModuleManager: Shutting down and abandoning module UMGEditor (195)
[2017.11.16-20.32.46:934][423]LogModuleManager: Shutting down and abandoning module Sequencer (194)
[2017.11.16-20.32.46:953][423]LogModuleManager: Shutting down and abandoning module MessageLog (191)
[2017.11.16-20.32.46:960][423]LogModuleManager: Shutting down and abandoning module SlateReflector (186)
[2017.11.16-20.32.46:987][423]LogModuleManager: Shutting down and abandoning module Slate (184)
[2017.11.16-20.32.46:987][423]LogModuleManager: Shutting down and abandoning module EditorStyle (182)
[2017.11.16-20.32.46:998][423]LogModuleManager: Shutting down and abandoning module MRMesh (180)
[2017.11.16-20.32.46:998][423]LogModuleManager: Shutting down and abandoning module SourceCodeAccess (178)
[2017.11.16-20.32.46:998][423]LogModuleManager: Shutting down and abandoning module HeadMountedDisplay (176)
[2017.11.16-20.32.46:998][423]LogModuleManager: Shutting down and abandoning module XAudio2 (174)
[2017.11.16-20.32.46:998][423]LogModuleManager: Shutting down and abandoning module Networking (172)
[2017.11.16-20.32.46:998][423]LogModuleManager: Shutting down and abandoning module Core (168)
[2017.11.16-20.32.46:998][423]LogModuleManager: Shutting down and abandoning module KismetCompiler (164)
[2017.11.16-20.32.46:998][423]LogModuleManager: Shutting down and abandoning module MeshUtilities (162)
[2017.11.16-20.32.47:015][423]LogModuleManager: Shutting down and abandoning module MeshMergeUtilities (161)
[2017.11.16-20.32.47:026][423]LogModuleManager: Shutting down and abandoning module MeshReductionInterface (160)
[2017.11.16-20.32.47:027][423]LogModuleManager: Shutting down and abandoning module SimplygonSwarm (159)
[2017.11.16-20.32.47:030][423]LogModuleManager: Shutting down and abandoning module SimplygonMeshReduction (157)
[2017.11.16-20.32.47:030][423]LogModuleManager: Shutting down and abandoning module QuadricMeshReduction (155)
[2017.11.16-20.32.47:037][423]LogModuleManager: Shutting down and abandoning module MaterialBaking (151)
[2017.11.16-20.32.47:045][423]LogModuleManager: Shutting down and abandoning module LevelSequence (148)
[2017.11.16-20.32.47:045][423]LogModuleManager: Shutting down and abandoning module DirectoryWatcher (146)
[2017.11.16-20.32.47:047][423]LogModuleManager: Shutting down and abandoning module DerivedDataCache (144)
[2017.11.16-20.32.47:072][423]LogDerivedDataCache: Shutdown
[2017.11.16-20.32.47:072][423]LogModuleManager: Shutting down and abandoning module TargetPlatform (142)
[2017.11.16-20.32.47:072][423]LogModuleManager: Shutting down and abandoning module VulkanShaderFormat (141)
[2017.11.16-20.32.47:080][423]LogModuleManager: Shutting down and abandoning module ShaderFormatVectorVM (139)
[2017.11.16-20.32.47:085][423]LogModuleManager: Shutting down and abandoning module ShaderFormatOpenGL (137)
[2017.11.16-20.32.47:086][423]LogModuleManager: Shutting down and abandoning module ShaderFormatD3D (135)
[2017.11.16-20.32.47:093][423]LogModuleManager: Shutting down and abandoning module MetalShaderFormat (133)
[2017.11.16-20.32.47:104][423]LogModuleManager: Shutting down and abandoning module TextureFormatUncompressed (131)
[2017.11.16-20.32.47:104][423]LogModuleManager: Shutting down and abandoning module TextureFormatPVR (129)
[2017.11.16-20.32.47:104][423]LogModuleManager: Shutting down and abandoning module TextureFormatDXT (127)
[2017.11.16-20.32.47:114][423]LogModuleManager: Shutting down and abandoning module TextureFormatIntelISPCTexComp (125)
[2017.11.16-20.32.47:115][423]LogModuleManager: Shutting down and abandoning module TextureFormatASTC (123)
[2017.11.16-20.32.47:115][423]LogModuleManager: Shutting down and abandoning module ImageWrapper (122)
[2017.11.16-20.32.47:115][423]LogModuleManager: Shutting down and abandoning module TextureFormatAndroid (119)
[2017.11.16-20.32.47:115][423]LogModuleManager: Shutting down and abandoning module AudioFormatOpus (117)
[2017.11.16-20.32.47:115][423]LogModuleManager: Shutting down and abandoning module AudioFormatOgg (115)
[2017.11.16-20.32.47:115][423]LogModuleManager: Shutting down and abandoning module AudioFormatADPCM (113)
[2017.11.16-20.32.47:115][423]LogModuleManager: Shutting down and abandoning module LinuxTargetPlatform (111)
[2017.11.16-20.32.47:115][423]LogModuleManager: Shutting down and abandoning module LinuxServerTargetPlatform (109)
[2017.11.16-20.32.47:115][423]LogModuleManager: Shutting down and abandoning module LinuxNoEditorTargetPlatform (107)
[2017.11.16-20.32.47:115][423]LogModuleManager: Shutting down and abandoning module LinuxClientTargetPlatform (105)
[2017.11.16-20.32.47:116][423]LogModuleManager: Shutting down and abandoning module TVOSTargetPlatform (103)
[2017.11.16-20.32.47:116][423]LogModuleManager: Shutting down and abandoning module Messaging (101)
[2017.11.16-20.32.47:116][423]LogModuleManager: Shutting down and abandoning module IOSTargetPlatform (99)
[2017.11.16-20.32.47:116][423]LogModuleManager: Shutting down and abandoning module HTML5TargetPlatform (97)
[2017.11.16-20.32.47:116][423]LogModuleManager: Shutting down and abandoning module Android_PVRTCTargetPlatform (95)
[2017.11.16-20.32.47:116][423]LogModuleManager: Shutting down and abandoning module Android_MultiTargetPlatform (93)
[2017.11.16-20.32.47:116][423]LogModuleManager: Shutting down and abandoning module Android_ETC2TargetPlatform (91)
[2017.11.16-20.32.47:116][423]LogModuleManager: Shutting down and abandoning module Android_ETC1TargetPlatform (89)
[2017.11.16-20.32.47:116][423]LogModuleManager: Shutting down and abandoning module Android_DXTTargetPlatform (87)
[2017.11.16-20.32.47:116][423]LogModuleManager: Shutting down and abandoning module Android_ATCTargetPlatform (85)
[2017.11.16-20.32.47:116][423]LogModuleManager: Shutting down and abandoning module Android_ASTCTargetPlatform (83)
[2017.11.16-20.32.47:116][423]LogModuleManager: Shutting down and abandoning module AndroidTargetPlatform (81)
[2017.11.16-20.32.47:116][423]LogModuleManager: Shutting down and abandoning module WindowsTargetPlatform (79)
[2017.11.16-20.32.47:116][423]LogModuleManager: Shutting down and abandoning module WindowsServerTargetPlatform (77)
[2017.11.16-20.32.47:116][423]LogModuleManager: Shutting down and abandoning module WindowsNoEditorTargetPlatform (75)
[2017.11.16-20.32.47:116][423]LogModuleManager: Shutting down and abandoning module WindowsClientTargetPlatform (73)
[2017.11.16-20.32.47:116][423]LogModuleManager: Shutting down and abandoning module MacTargetPlatform (71)
[2017.11.16-20.32.47:117][423]LogModuleManager: Shutting down and abandoning module MacServerTargetPlatform (69)
[2017.11.16-20.32.47:117][423]LogModuleManager: Shutting down and abandoning module MacNoEditorTargetPlatform (67)
[2017.11.16-20.32.47:117][423]LogModuleManager: Shutting down and abandoning module MacClientTargetPlatform (65)
[2017.11.16-20.32.47:117][423]LogModuleManager: Shutting down and abandoning module AllDesktopTargetPlatform (63)
[2017.11.16-20.32.47:117][423]LogModuleManager: Shutting down and abandoning module InputCore (60)
[2017.11.16-20.32.47:117][423]LogModuleManager: Shutting down and abandoning module Settings (58)
[2017.11.16-20.32.47:117][423]LogModuleManager: Shutting down and abandoning module PhysXCooking (56)
[2017.11.16-20.32.47:117][423]LogModuleManager: Shutting down and abandoning module SteamVR (54)
[2017.11.16-20.32.47:117][423]LogModuleManager: Shutting down and abandoning module OculusHMD (52)
[2017.11.16-20.32.47:127][423]LogModuleManager: Shutting down and abandoning module ExampleDeviceProfileSelector (50)
[2017.11.16-20.32.47:127][423]LogModuleManager: Shutting down and abandoning module OnlineBlueprintSupport (48)
[2017.11.16-20.32.47:127][423]LogModuleManager: Shutting down and abandoning module OnlineSubsystem (44)
[2017.11.16-20.32.47:127][423]LogOnline: Display: Unloading online subsystem: NULL
[2017.11.16-20.32.47:141][423]LogModuleManager: Shutting down and abandoning module XMPP (43)
[2017.11.16-20.32.47:155][423]LogModuleManager: Shutting down and abandoning module HTTP (41)
[2017.11.16-20.32.47:155][423]LogHttp: Display: Http module shutting down, but needs to wait on 1 outstanding Http requests:
[2017.11.16-20.32.47:160][423]LogHttp: Display: 	verb=[POST] url=[https://datarouter.ol.epicgames.com/datarouter/api/v1/public/data?SessionID=%7BB23FCC67-4590-72A6-9597-AE8ABAB0A417%7D&AppID=UEEditor.Rocket.Release&AppVersion=4.17.2-3658906%2B%2B%2BUE4%2BRelease-4.17&UserID=a06a8e954c6be9335eaa2baca394727f%7C30e52a804c0b44c4b04d2127d8a227bc%7C4e82a38d-dc6b-40c0-91f3-63479c9a0d93&AppEnvironment=datacollector-binary&UploadType=eteventstream] status=Processing
[2017.11.16-20.32.47:178][423]LogModuleManager: Shutting down and abandoning module SSL (40)
[2017.11.16-20.32.47:186][423]LogModuleManager: Shutting down and abandoning module AnimationModifiers (36)
[2017.11.16-20.32.47:197][423]LogModuleManager: Shutting down and abandoning module PropertyEditor (35)
[2017.11.16-20.32.47:197][423]LogModuleManager: Shutting down and abandoning module AudioEditor (32)
[2017.11.16-20.32.47:233][423]LogModuleManager: Shutting down and abandoning module TextureCompressor (30)
[2017.11.16-20.32.47:252][423]LogModuleManager: Shutting down and abandoning module ShaderCore (28)
[2017.11.16-20.32.47:252][423]LogModuleManager: Shutting down and abandoning module Landscape (26)
[2017.11.16-20.32.47:252][423]LogModuleManager: Shutting down and abandoning module SlateRHIRenderer (24)
[2017.11.16-20.32.47:271][423]LogModuleManager: Shutting down and abandoning module OpenGLDrv (22)
[2017.11.16-20.32.47:274][423]LogModuleManager: Shutting down and abandoning module D3D11RHI (20)
[2017.11.16-20.32.47:274][423]LogModuleManager: Shutting down and abandoning module AnimGraphRuntime (18)
[2017.11.16-20.32.47:276][423]LogModuleManager: Shutting down and abandoning module Renderer (16)
[2017.11.16-20.32.47:276][423]LogModuleManager: Shutting down and abandoning module Engine (14)
[2017.11.16-20.32.47:276][423]LogModuleManager: Shutting down and abandoning module CoreUObject (12)
[2017.11.16-20.32.47:277][423]LogModuleManager: Shutting down and abandoning module NetworkFile (10)
[2017.11.16-20.32.47:284][423]LogModuleManager: Shutting down and abandoning module CookedIterativeFile (8)
[2017.11.16-20.32.47:284][423]LogModuleManager: Shutting down and abandoning module StreamingFile (6)
[2017.11.16-20.32.47:292][423]LogModuleManager: Shutting down and abandoning module SandboxFile (4)
[2017.11.16-20.32.47:297][423]LogModuleManager: Shutting down and abandoning module PakFile (2)
[2017.11.16-20.32.47:311][423]LogExit: Exiting.
[2017.11.16-20.32.47:332][423]Log file closed, 11/16/17 20:32:47
